This file contains any messages produced by compilers while
running configure, to aid debugging if configure makes a mistake.

It was created by configure, which was
generated by GNU Autoconf 2.68.  Invocation command line was

  $ ./configure 

## --------- ##
## Platform. ##
## --------- ##

hostname = lorenzo-MS-7996
uname -m = x86_64
uname -r = 5.4.0-26-generic
uname -s = Linux
uname -v = #30-Ubuntu SMP Mon Apr 20 16:58:30 UTC 2020

/usr/bin/uname -p = x86_64
/bin/uname -X     = unknown

/bin/arch              = x86_64
/usr/bin/arch -k       = unknown
/usr/convex/getsysinfo = unknown
/usr/bin/hostinfo      = unknown
/bin/machine           = unknown
/usr/bin/oslevel       = unknown
/bin/universe          = unknown

PATH: /usr/local/sbin
PATH: /usr/local/bin
PATH: /usr/sbin
PATH: /usr/bin
PATH: /sbin
PATH: /bin
PATH: /usr/games
PATH: /usr/local/games
PATH: /snap/bin


## ----------- ##
## Core tests. ##
## ----------- ##

configure:2630: checking for a BSD-compatible install
configure:2698: result: /usr/bin/install -c
configure:2709: checking whether build environment is sane
configure:2759: result: yes
configure:2900: checking for a thread-safe mkdir -p
configure:2939: result: /usr/bin/mkdir -p
configure:2952: checking for gawk
configure:2982: result: no
configure:2952: checking for mawk
configure:2968: found /usr/bin/mawk
configure:2979: result: mawk
configure:2990: checking whether make sets $(MAKE)
configure:3012: result: yes
configure:3103: checking whether make supports nested variables
configure:3120: result: yes
configure:3197: checking for gcc
configure:3213: found /usr/bin/gcc
configure:3224: result: gcc
configure:3453: checking for C compiler version
configure:3462: gcc --version >&5
gcc (Ubuntu 9.3.0-10ubuntu2) 9.3.0
Copyright (C) 2019 Free Software Foundation, Inc.
This is free software; see the source for copying conditions.  There is NO
warranty; not even for MERCHANTABILITY or FITNESS FOR A PARTICULAR PURPOSE.

configure:3473: $? = 0
configure:3462: gcc -v >&5
Using built-in specs.
COLLECT_GCC=gcc
COLLECT_LTO_WRAPPER=/usr/lib/gcc/x86_64-linux-gnu/9/lto-wrapper
OFFLOAD_TARGET_NAMES=nvptx-none:hsa
OFFLOAD_TARGET_DEFAULT=1
Target: x86_64-linux-gnu
Configured with: ../src/configure -v --with-pkgversion='Ubuntu 9.3.0-10ubuntu2' --with-bugurl=file:///usr/share/doc/gcc-9/README.Bugs --enable-languages=c,ada,c++,go,brig,d,fortran,objc,obj-c++,gm2 --prefix=/usr --with-gcc-major-version-only --program-suffix=-9 --program-prefix=x86_64-linux-gnu- --enable-shared --enable-linker-build-id --libexecdir=/usr/lib --without-included-gettext --enable-threads=posix --libdir=/usr/lib --enable-nls --enable-clocale=gnu --enable-libstdcxx-debug --enable-libstdcxx-time=yes --with-default-libstdcxx-abi=new --enable-gnu-unique-object --disable-vtable-verify --enable-plugin --enable-default-pie --with-system-zlib --with-target-system-zlib=auto --enable-objc-gc=auto --enable-multiarch --disable-werror --with-arch-32=i686 --with-abi=m64 --with-multilib-list=m32,m64,mx32 --enable-multilib --with-tune=generic --enable-offload-targets=nvptx-none,hsa --without-cuda-driver --enable-checking=release --build=x86_64-linux-gnu --host=x86_64-linux-gnu --target=x86_64-linux-gnu
Thread model: posix
gcc version 9.3.0 (Ubuntu 9.3.0-10ubuntu2) 
configure:3473: $? = 0
configure:3462: gcc -V >&5
gcc: error: unrecognized command line option '-V'
gcc: fatal error: no input files
compilation terminated.
configure:3473: $? = 1
configure:3462: gcc -qversion >&5
gcc: error: unrecognized command line option '-qversion'; did you mean '--version'?
gcc: fatal error: no input files
compilation terminated.
configure:3473: $? = 1
configure:3493: checking whether the C compiler works
configure:3515: gcc    conftest.c  >&5
configure:3519: $? = 0
configure:3567: result: yes
configure:3570: checking for C compiler default output file name
configure:3572: result: a.out
configure:3578: checking for suffix of executables
configure:3585: gcc -o conftest    conftest.c  >&5
configure:3589: $? = 0
configure:3611: result: 
configure:3633: checking whether we are cross compiling
configure:3641: gcc -o conftest    conftest.c  >&5
configure:3645: $? = 0
configure:3652: ./conftest
configure:3656: $? = 0
configure:3644: result: no
configure:3649: checking for suffix of object files
configure:3671: gcc -c   conftest.c >&5
configure:3675: $? = 0
configure:3696: result: o
configure:3700: checking whether we are using the GNU C compiler
configure:3719: gcc -c   conftest.c >&5
configure:3719: $? = 0
configure:3728: result: yes
configure:3737: checking whether gcc accepts -g
configure:3757: gcc -c -g  conftest.c >&5
configure:3757: $? = 0
configure:3798: result: yes
configure:3815: checking for gcc option to accept ISO C89
configure:3879: gcc  -c -g -O2  conftest.c >&5
configure:3879: $? = 0
configure:3892: result: none needed
configure:3923: checking for style of include used by make
configure:3951: result: GNU
configure:3977: checking dependency style of gcc
configure:4088: result: gcc3
configure:4104: checking whether ln -s works
configure:4108: result: yes
configure:4119: checking build system type
configure:4133: result: x86_64-unknown-linux-gnu
configure:4153: checking host system type
configure:4166: result: x86_64-unknown-linux-gnu
configure:4535: checking how to print strings
configure:4562: result: printf
configure:4583: checking for a sed that does not truncate output
configure:4647: result: /usr/bin/sed
configure:4665: checking for grep that handles long lines and -e
configure:4723: result: /usr/bin/grep
configure:4728: checking for egrep
configure:4790: result: /usr/bin/grep -E
configure:4795: checking for fgrep
configure:4857: result: /usr/bin/grep -F
configure:4892: checking for ld used by gcc
configure:4959: result: /usr/bin/ld
configure:4966: checking if the linker (/usr/bin/ld) is GNU ld
configure:4981: result: yes
configure:4993: checking for BSD- or MS-compatible name lister (nm)
configure:5042: result: /usr/bin/nm -B
configure:5172: checking the name lister (/usr/bin/nm -B) interface
configure:5179: gcc -c -g -O2  conftest.c >&5
configure:5182: /usr/bin/nm -B "conftest.o"
configure:5185: output
0000000000000000 B some_variable
configure:5186: result: BSD nm
configure:5190: checking the maximum length of command line arguments
configure:5320: result: 1572864
configure:5337: checking whether the shell understands some XSI constructs
configure:5346: result: yes
configure:5350: checking whether the shell understands "+="
configure:5354: result: yes
configure:5389: checking how to convert x86_64-unknown-linux-gnu file names to x86_64-unknown-linux-gnu format
configure:5429: result: func_convert_file_noop
configure:5436: checking how to convert x86_64-unknown-linux-gnu file names to toolchain format
configure:5456: result: func_convert_file_noop
configure:5463: checking for /usr/bin/ld option to reload object files
configure:5470: result: -r
configure:5544: checking for objdump
configure:5571: result: objdump
configure:5600: checking how to recognize dependent libraries
configure:5802: result: pass_all
configure:5887: checking for dlltool
configure:5914: result: dlltool
configure:5944: checking how to associate runtime and link libraries
configure:5971: result: printf %s\n
configure:6032: checking for ar
configure:6048: found /usr/bin/ar
configure:6059: result: ar
configure:6096: checking for archiver @FILE support
configure:6113: gcc -c -g -O2  conftest.c >&5
configure:6113: $? = 0
configure:6116: ar cru libconftest.a @conftest.lst >&5
ar: `u' modifier ignored since `D' is the default (see `U')
configure:6119: $? = 0
configure:6124: ar cru libconftest.a @conftest.lst >&5
ar: `u' modifier ignored since `D' is the default (see `U')
ar: conftest.o: No such file or directory
configure:6127: $? = 1
configure:6126: result: @
configure:6184: checking for strip
configure:6200: found /usr/bin/strip
configure:6211: result: strip
configure:6283: checking for ranlib
configure:6299: found /usr/bin/ranlib
configure:6310: result: ranlib
configure:6412: checking command to parse /usr/bin/nm -B output from gcc object
configure:6532: gcc -c -g -O2  conftest.c >&5
configure:6535: $? = 0
configure:6539: /usr/bin/nm -B conftest.o \| sed -n -e 's/^.*[ ]\([ABCDGIRSTW][ABCDGIRSTW]*\)[ ][ ]*\([_A-Za-z][_A-Za-z0-9]*\)$/\1 \2 \2/p' | sed '/ __gnu_lto/d' \> conftest.nm
configure:6542: $? = 0
configure:6608: gcc -o conftest -g -O2   conftest.c conftstm.o >&5
configure:6611: $? = 0
configure:6649: result: ok
configure:6686: checking for sysroot
configure:6716: result: no
configure:6793: gcc -c -g -O2  conftest.c >&5
configure:6796: $? = 0
configure:6972: checking for mt
configure:6988: found /usr/bin/mt
configure:6999: result: mt
configure:7022: checking if mt is a manifest tool
configure:7028: mt '-?'
configure:7036: result: no
configure:7678: checking how to run the C preprocessor
configure:7709: gcc -E  conftest.c
configure:7709: $? = 0
configure:7723: gcc -E  conftest.c
conftest.c:11:10: fatal error: ac_nonexistent.h: No such file or directory
   11 | #include <ac_nonexistent.h>
      |          ^~~~~~~~~~~~~~~~~~
compilation terminated.
configure:7723: $? = 1
configure: failed program was:
| /* confdefs.h */
| #define PACKAGE_NAME ""
| #define PACKAGE_TARNAME ""
| #define PACKAGE_VERSION ""
| #define PACKAGE_STRING ""
| #define PACKAGE_BUGREPORT ""
| #define PACKAGE_URL ""
| #define PACKAGE "fontconfig"
| #define VERSION "2.10.1"
| /* end confdefs.h.  */
| #include <ac_nonexistent.h>
configure:7748: result: gcc -E
configure:7768: gcc -E  conftest.c
configure:7768: $? = 0
configure:7782: gcc -E  conftest.c
conftest.c:11:10: fatal error: ac_nonexistent.h: No such file or directory
   11 | #include <ac_nonexistent.h>
      |          ^~~~~~~~~~~~~~~~~~
compilation terminated.
configure:7782: $? = 1
configure: failed program was:
| /* confdefs.h */
| #define PACKAGE_NAME ""
| #define PACKAGE_TARNAME ""
| #define PACKAGE_VERSION ""
| #define PACKAGE_STRING ""
| #define PACKAGE_BUGREPORT ""
| #define PACKAGE_URL ""
| #define PACKAGE "fontconfig"
| #define VERSION "2.10.1"
| /* end confdefs.h.  */
| #include <ac_nonexistent.h>
configure:7811: checking for ANSI C header files
configure:7831: gcc -c -g -O2  conftest.c >&5
configure:7831: $? = 0
configure:7904: gcc -o conftest -g -O2   conftest.c  >&5
configure:7904: $? = 0
configure:7904: ./conftest
configure:7904: $? = 0
configure:7915: result: yes
configure:7928: checking for sys/types.h
configure:7928: gcc -c -g -O2  conftest.c >&5
configure:7928: $? = 0
configure:7928: result: yes
configure:7928: checking for sys/stat.h
configure:7928: gcc -c -g -O2  conftest.c >&5
configure:7928: $? = 0
configure:7928: result: yes
configure:7928: checking for stdlib.h
configure:7928: gcc -c -g -O2  conftest.c >&5
configure:7928: $? = 0
configure:7928: result: yes
configure:7928: checking for string.h
configure:7928: gcc -c -g -O2  conftest.c >&5
configure:7928: $? = 0
configure:7928: result: yes
configure:7928: checking for memory.h
configure:7928: gcc -c -g -O2  conftest.c >&5
configure:7928: $? = 0
configure:7928: result: yes
configure:7928: checking for strings.h
configure:7928: gcc -c -g -O2  conftest.c >&5
configure:7928: $? = 0
configure:7928: result: yes
configure:7928: checking for inttypes.h
configure:7928: gcc -c -g -O2  conftest.c >&5
configure:7928: $? = 0
configure:7928: result: yes
configure:7928: checking for stdint.h
configure:7928: gcc -c -g -O2  conftest.c >&5
configure:7928: $? = 0
configure:7928: result: yes
configure:7928: checking for unistd.h
configure:7928: gcc -c -g -O2  conftest.c >&5
configure:7928: $? = 0
configure:7928: result: yes
configure:7942: checking for dlfcn.h
configure:7942: gcc -c -g -O2  conftest.c >&5
configure:7942: $? = 0
configure:7942: result: yes
configure:8146: checking for objdir
configure:8161: result: .libs
configure:8428: checking if gcc supports -fno-rtti -fno-exceptions
configure:8446: gcc -c -g -O2  -fno-rtti -fno-exceptions conftest.c >&5
cc1: warning: command line option '-fno-rtti' is valid for C++/D/ObjC++ but not for C
configure:8450: $? = 0
configure:8463: result: no
configure:8790: checking for gcc option to produce PIC
configure:8797: result: -fPIC -DPIC
configure:8805: checking if gcc PIC flag -fPIC -DPIC works
configure:8823: gcc -c -g -O2  -fPIC -DPIC -DPIC conftest.c >&5
configure:8827: $? = 0
configure:8840: result: yes
configure:8869: checking if gcc static flag -static works
configure:8897: result: yes
configure:8912: checking if gcc supports -c -o file.o
configure:8933: gcc -c -g -O2  -o out/conftest2.o conftest.c >&5
configure:8937: $? = 0
configure:8959: result: yes
configure:8967: checking if gcc supports -c -o file.o
configure:9014: result: yes
configure:9047: checking whether the gcc linker (/usr/bin/ld -m elf_x86_64) supports shared libraries
configure:10200: result: yes
configure:10237: checking whether -lc should be explicitly linked in
configure:10245: gcc -c -g -O2  conftest.c >&5
configure:10248: $? = 0
configure:10263: gcc -shared  -fPIC -DPIC conftest.o  -v -Wl,-soname -Wl,conftest -o conftest 2\>\&1 \| /usr/bin/grep  -lc  \>/dev/null 2\>\&1
configure:10266: $? = 0
configure:10280: result: no
configure:10440: checking dynamic linker characteristics
configure:10951: gcc -o conftest -g -O2   -Wl,-rpath -Wl,/foo conftest.c  >&5
configure:10951: $? = 0
configure:11177: result: GNU/Linux ld.so
configure:11284: checking how to hardcode library paths into programs
configure:11309: result: immediate
configure:11849: checking whether stripping libraries is possible
configure:11854: result: yes
configure:11889: checking if libtool supports shared libraries
configure:11891: result: yes
configure:11894: checking whether to build shared libraries
configure:11915: result: yes
configure:11918: checking whether to build static libraries
configure:11922: result: yes
configure:8965: checking whether make sets $(MAKE)
configure:8987: result: yes
configure:9049: checking for pkg-config
configure:9067: found /usr/bin/pkg-config
configure:9079: result: /usr/bin/pkg-config
configure:9104: checking pkg-config is at least version 0.9.0
configure:9107: result: yes
configure:9116: checking for RM macro
configure:9160: result: rm -f
configure:9286: checking for dirent.h that defines DIR
configure:9305: gcc -c -g -O2  conftest.c >&5
configure:9305: $? = 0
configure:9313: result: yes
configure:9326: checking for library containing opendir
configure:9357: gcc -o conftest -g -O2   conftest.c  >&5
configure:9357: $? = 0
configure:9374: result: none required
configure:9441: checking for ANSI C header files
configure:9545: result: yes
configure:9556: checking fcntl.h usability
configure:9556: gcc -c -g -O2  conftest.c >&5
configure:9556: $? = 0
configure:9556: result: yes
configure:9556: checking fcntl.h presence
configure:9556: gcc -E  conftest.c
configure:9556: $? = 0
configure:9556: result: yes
configure:9556: checking for fcntl.h
configure:9556: result: yes
configure:9556: checking regex.h usability
configure:9556: gcc -c -g -O2  conftest.c >&5
configure:9556: $? = 0
configure:9556: result: yes
configure:9556: checking regex.h presence
configure:9556: gcc -E  conftest.c
configure:9556: $? = 0
configure:9556: result: yes
configure:9556: checking for regex.h
configure:9556: result: yes
configure:9556: checking for stdlib.h
configure:9556: result: yes
configure:9556: checking for string.h
configure:9556: result: yes
configure:9556: checking for unistd.h
configure:9556: result: yes
configure:9556: checking sys/vfs.h usability
configure:9556: gcc -c -g -O2  conftest.c >&5
configure:9556: $? = 0
configure:9556: result: yes
configure:9556: checking sys/vfs.h presence
configure:9556: gcc -E  conftest.c
configure:9556: $? = 0
configure:9556: result: yes
configure:9556: checking for sys/vfs.h
configure:9556: result: yes
configure:9556: checking sys/statfs.h usability
configure:9556: gcc -c -g -O2  conftest.c >&5
configure:9556: $? = 0
configure:9556: result: yes
configure:9556: checking sys/statfs.h presence
configure:9556: gcc -E  conftest.c
configure:9556: $? = 0
configure:9556: result: yes
configure:9556: checking for sys/statfs.h
configure:9556: result: yes
configure:9556: checking sys/param.h usability
configure:9556: gcc -c -g -O2  conftest.c >&5
configure:9556: $? = 0
configure:9556: result: yes
configure:9556: checking sys/param.h presence
configure:9556: gcc -E  conftest.c
configure:9556: $? = 0
configure:9556: result: yes
configure:9556: checking for sys/param.h
configure:9556: result: yes
configure:9556: checking sys/mount.h usability
configure:9556: gcc -c -g -O2  conftest.c >&5
configure:9556: $? = 0
configure:9556: result: yes
configure:9556: checking sys/mount.h presence
configure:9556: gcc -E  conftest.c
configure:9556: $? = 0
configure:9556: result: yes
configure:9556: checking for sys/mount.h
configure:9556: result: yes
configure:9568: checking for an ANSI C-conforming const
configure:9633: gcc -c -g -O2  conftest.c >&5
configure:9633: $? = 0
configure:9640: result: yes
configure:9648: checking for inline
configure:9664: gcc -c -g -O2  conftest.c >&5
configure:9664: $? = 0
configure:9672: result: inline
configure:9691: checking for flexible array members
configure:9714: gcc -c -g -O2  conftest.c >&5
configure:9714: $? = 0
configure:9721: result: yes
configure:9732: checking for pid_t
configure:9732: gcc -c -g -O2  conftest.c >&5
configure:9732: $? = 0
configure:9732: gcc -c -g -O2  conftest.c >&5
conftest.c: In function 'main':
conftest.c:72:20: error: expected expression before ')' token
   72 | if (sizeof ((pid_t)))
      |                    ^
configure:9732: $? = 1
configure: failed program was:
| /* confdefs.h */
| #define PACKAGE_NAME ""
| #define PACKAGE_TARNAME ""
| #define PACKAGE_VERSION ""
| #define PACKAGE_STRING ""
| #define PACKAGE_BUGREPORT ""
| #define PACKAGE_URL ""
| #define PACKAGE "fontconfig"
| #define VERSION "2.10.1"
| #define STDC_HEADERS 1
| #define HAVE_SYS_TYPES_H 1
| #define HAVE_SYS_STAT_H 1
| #define HAVE_STDLIB_H 1
| #define HAVE_STRING_H 1
| #define HAVE_MEMORY_H 1
| #define HAVE_STRINGS_H 1
| #define HAVE_INTTYPES_H 1
| #define HAVE_STDINT_H 1
| #define HAVE_UNISTD_H 1
| #define HAVE_DLFCN_H 1
| #define LT_OBJDIR ".libs/"
| #define HAVE_WARNING_CPP_DIRECTIVE 1
| #define HAVE_DIRENT_H 1
| #define STDC_HEADERS 1
| #define HAVE_FCNTL_H 1
| #define HAVE_REGEX_H 1
| #define HAVE_STDLIB_H 1
| #define HAVE_STRING_H 1
| #define HAVE_UNISTD_H 1
| #define HAVE_SYS_VFS_H 1
| #define HAVE_SYS_STATFS_H 1
| #define HAVE_SYS_PARAM_H 1
| #define HAVE_SYS_MOUNT_H 1
| #define FLEXIBLE_ARRAY_MEMBER /**/
| /* end confdefs.h.  */
| #include <stdio.h>
| #ifdef HAVE_SYS_TYPES_H
| # include <sys/types.h>
| #endif
| #ifdef HAVE_SYS_STAT_H
| # include <sys/stat.h>
| #endif
| #ifdef STDC_HEADERS
| # include <stdlib.h>
| # include <stddef.h>
| #else
| # ifdef HAVE_STDLIB_H
| #  include <stdlib.h>
| # endif
| #endif
| #ifdef HAVE_STRING_H
| # if !defined STDC_HEADERS && defined HAVE_MEMORY_H
| #  include <memory.h>
| # endif
| # include <string.h>
| #endif
| #ifdef HAVE_STRINGS_H
| # include <strings.h>
| #endif
| #ifdef HAVE_INTTYPES_H
| # include <inttypes.h>
| #endif
| #ifdef HAVE_STDINT_H
| # include <stdint.h>
| #endif
| #ifdef HAVE_UNISTD_H
| # include <unistd.h>
| #endif
| int
| main ()
| {
| if (sizeof ((pid_t)))
| 	    return 0;
|   ;
|   return 0;
| }
configure:9732: result: yes
configure:9747: checking for vprintf
configure:9747: gcc -o conftest -g -O2   conftest.c  >&5
conftest.c:59:6: warning: conflicting types for built-in function 'vprintf'; expected 'int(const char *, __va_list_tag *)' [-Wbuiltin-declaration-mismatch]
   59 | char vprintf ();
      |      ^~~~~~~
conftest.c:47:1: note: 'vprintf' is declared in header '<stdio.h>'
   46 | # include <limits.h>
   47 | #else
configure:9747: $? = 0
configure:9747: result: yes
configure:9753: checking for _doprnt
configure:9753: gcc -o conftest -g -O2   conftest.c  >&5
/usr/bin/ld: /tmp/ccz650Kf.o: in function `main':
/home/lorenzo/CLionProjects/PdfManagement/lib/podofo/include_dir/fontconfig-2.10.1/conftest.c:71: undefined reference to `_doprnt'
collect2: error: ld returned 1 exit status
configure:9753: $? = 1
configure: failed program was:
| /* confdefs.h */
| #define PACKAGE_NAME ""
| #define PACKAGE_TARNAME ""
| #define PACKAGE_VERSION ""
| #define PACKAGE_STRING ""
| #define PACKAGE_BUGREPORT ""
| #define PACKAGE_URL ""
| #define PACKAGE "fontconfig"
| #define VERSION "2.10.1"
| #define STDC_HEADERS 1
| #define HAVE_SYS_TYPES_H 1
| #define HAVE_SYS_STAT_H 1
| #define HAVE_STDLIB_H 1
| #define HAVE_STRING_H 1
| #define HAVE_MEMORY_H 1
| #define HAVE_STRINGS_H 1
| #define HAVE_INTTYPES_H 1
| #define HAVE_STDINT_H 1
| #define HAVE_UNISTD_H 1
| #define HAVE_DLFCN_H 1
| #define LT_OBJDIR ".libs/"
| #define HAVE_WARNING_CPP_DIRECTIVE 1
| #define HAVE_DIRENT_H 1
| #define STDC_HEADERS 1
| #define HAVE_FCNTL_H 1
| #define HAVE_REGEX_H 1
| #define HAVE_STDLIB_H 1
| #define HAVE_STRING_H 1
| #define HAVE_UNISTD_H 1
| #define HAVE_SYS_VFS_H 1
| #define HAVE_SYS_STATFS_H 1
| #define HAVE_SYS_PARAM_H 1
| #define HAVE_SYS_MOUNT_H 1
| #define FLEXIBLE_ARRAY_MEMBER /**/
| #define HAVE_VPRINTF 1
| /* end confdefs.h.  */
| /* Define _doprnt to an innocuous variant, in case <limits.h> declares _doprnt.
|    For example, HP-UX 11i <limits.h> declares gettimeofday.  */
| #define _doprnt innocuous__doprnt
| 
| /* System header to define __stub macros and hopefully few prototypes,
|     which can conflict with char _doprnt (); below.
|     Prefer <limits.h> to <assert.h> if __STDC__ is defined, since
|     <limits.h> exists even on freestanding compilers.  */
| 
| #ifdef __STDC__
| # include <limits.h>
| #else
| # include <assert.h>
| #endif
| 
| #undef _doprnt
| 
| /* Override any GCC internal prototype to avoid an error.
|    Use char because int might match the return type of a GCC
|    builtin and then its argument prototype would still apply.  */
| #ifdef __cplusplus
| extern "C"
| #endif
| char _doprnt ();
| /* The GNU C library defines this for functions which it implements
|     to always fail with ENOSYS.  Some functions are actually named
|     something starting with __ and the normal name is an alias.  */
| #if defined __stub__doprnt || defined __stub____doprnt
| choke me
| #endif
| 
| int
| main ()
| {
| return _doprnt ();
|   ;
|   return 0;
| }
configure:9753: result: no
configure:9770: checking for stdlib.h
configure:9770: result: yes
configure:9770: checking for unistd.h
configure:9770: result: yes
configure:9770: checking for sys/param.h
configure:9770: result: yes
configure:9790: checking for getpagesize
configure:9790: gcc -o conftest -g -O2   conftest.c  >&5
configure:9790: $? = 0
configure:9790: result: yes
configure:9799: checking for working mmap
configure:9946: gcc -o conftest -g -O2   conftest.c  >&5
configure:9946: $? = 0
configure:9946: ./conftest
configure:9946: $? = 0
configure:9956: result: yes
configure:9968: checking for geteuid
configure:9968: gcc -o conftest -g -O2   conftest.c  >&5
configure:9968: $? = 0
configure:9968: result: yes
configure:9968: checking for getuid
configure:9968: gcc -o conftest -g -O2   conftest.c  >&5
configure:9968: $? = 0
configure:9968: result: yes
configure:9968: checking for link
configure:9968: gcc -o conftest -g -O2   conftest.c  >&5
configure:9968: $? = 0
configure:9968: result: yes
configure:9968: checking for memmove
configure:9968: gcc -o conftest -g -O2   conftest.c  >&5
conftest.c:68:6: warning: conflicting types for built-in function 'memmove'; expected 'void *(void *, const void *, long unsigned int)' [-Wbuiltin-declaration-mismatch]
   68 | char memmove ();
      |      ^~~~~~~
conftest.c:56:1: note: 'memmove' is declared in header '<string.h>'
   55 | # include <limits.h>
   56 | #else
configure:9968: $? = 0
configure:9968: result: yes
configure:9968: checking for memset
configure:9968: gcc -o conftest -g -O2   conftest.c  >&5
conftest.c:69:6: warning: conflicting types for built-in function 'memset'; expected 'void *(void *, int,  long unsigned int)' [-Wbuiltin-declaration-mismatch]
   69 | char memset ();
      |      ^~~~~~
conftest.c:57:1: note: 'memset' is declared in header '<string.h>'
   56 | # include <limits.h>
   57 | #else
configure:9968: $? = 0
configure:9968: result: yes
configure:9968: checking for mkstemp
configure:9968: gcc -o conftest -g -O2   conftest.c  >&5
configure:9968: $? = 0
configure:9968: result: yes
configure:9968: checking for strchr
configure:9968: gcc -o conftest -g -O2   conftest.c  >&5
conftest.c:71:6: warning: conflicting types for built-in function 'strchr'; expected 'char *(const char *, int)' [-Wbuiltin-declaration-mismatch]
   71 | char strchr ();
      |      ^~~~~~
conftest.c:59:1: note: 'strchr' is declared in header '<string.h>'
   58 | # include <limits.h>
   59 | #else
configure:9968: $? = 0
configure:9968: result: yes
configure:9968: checking for strrchr
configure:9968: gcc -o conftest -g -O2   conftest.c  >&5
conftest.c:72:6: warning: conflicting types for built-in function 'strrchr'; expected 'char *(const char *, int)' [-Wbuiltin-declaration-mismatch]
   72 | char strrchr ();
      |      ^~~~~~~
conftest.c:60:1: note: 'strrchr' is declared in header '<string.h>'
   59 | # include <limits.h>
   60 | #else
configure:9968: $? = 0
configure:9968: result: yes
configure:9968: checking for strtol
configure:9968: gcc -o conftest -g -O2   conftest.c  >&5
configure:9968: $? = 0
configure:9968: result: yes
configure:9968: checking for getopt
configure:9968: gcc -o conftest -g -O2   conftest.c  >&5
configure:9968: $? = 0
configure:9968: result: yes
configure:9968: checking for getopt_long
configure:9968: gcc -o conftest -g -O2   conftest.c  >&5
configure:9968: $? = 0
configure:9968: result: yes
configure:9968: checking for sysconf
configure:9968: gcc -o conftest -g -O2   conftest.c  >&5
configure:9968: $? = 0
configure:9968: result: yes
configure:9968: checking for ftruncate
configure:9968: gcc -o conftest -g -O2   conftest.c  >&5
configure:9968: $? = 0
configure:9968: result: yes
configure:9968: checking for chsize
configure:9968: gcc -o conftest -g -O2   conftest.c  >&5
/usr/bin/ld: /tmp/cczDEnsV.o: in function `main':
/home/lorenzo/CLionProjects/PdfManagement/lib/podofo/include_dir/fontconfig-2.10.1/conftest.c:89: undefined reference to `chsize'
collect2: error: ld returned 1 exit status
configure:9968: $? = 1
configure: failed program was:
| /* confdefs.h */
| #define PACKAGE_NAME ""
| #define PACKAGE_TARNAME ""
| #define PACKAGE_VERSION ""
| #define PACKAGE_STRING ""
| #define PACKAGE_BUGREPORT ""
| #define PACKAGE_URL ""
| #define PACKAGE "fontconfig"
| #define VERSION "2.10.1"
| #define STDC_HEADERS 1
| #define HAVE_SYS_TYPES_H 1
| #define HAVE_SYS_STAT_H 1
| #define HAVE_STDLIB_H 1
| #define HAVE_STRING_H 1
| #define HAVE_MEMORY_H 1
| #define HAVE_STRINGS_H 1
| #define HAVE_INTTYPES_H 1
| #define HAVE_STDINT_H 1
| #define HAVE_UNISTD_H 1
| #define HAVE_DLFCN_H 1
| #define LT_OBJDIR ".libs/"
| #define HAVE_WARNING_CPP_DIRECTIVE 1
| #define HAVE_DIRENT_H 1
| #define STDC_HEADERS 1
| #define HAVE_FCNTL_H 1
| #define HAVE_REGEX_H 1
| #define HAVE_STDLIB_H 1
| #define HAVE_STRING_H 1
| #define HAVE_UNISTD_H 1
| #define HAVE_SYS_VFS_H 1
| #define HAVE_SYS_STATFS_H 1
| #define HAVE_SYS_PARAM_H 1
| #define HAVE_SYS_MOUNT_H 1
| #define FLEXIBLE_ARRAY_MEMBER /**/
| #define HAVE_VPRINTF 1
| #define HAVE_STDLIB_H 1
| #define HAVE_UNISTD_H 1
| #define HAVE_SYS_PARAM_H 1
| #define HAVE_GETPAGESIZE 1
| #define HAVE_MMAP 1
| #define HAVE_GETEUID 1
| #define HAVE_GETUID 1
| #define HAVE_LINK 1
| #define HAVE_MEMMOVE 1
| #define HAVE_MEMSET 1
| #define HAVE_MKSTEMP 1
| #define HAVE_STRCHR 1
| #define HAVE_STRRCHR 1
| #define HAVE_STRTOL 1
| #define HAVE_GETOPT 1
| #define HAVE_GETOPT_LONG 1
| #define HAVE_SYSCONF 1
| #define HAVE_FTRUNCATE 1
| /* end confdefs.h.  */
| /* Define chsize to an innocuous variant, in case <limits.h> declares chsize.
|    For example, HP-UX 11i <limits.h> declares gettimeofday.  */
| #define chsize innocuous_chsize
| 
| /* System header to define __stub macros and hopefully few prototypes,
|     which can conflict with char chsize (); below.
|     Prefer <limits.h> to <assert.h> if __STDC__ is defined, since
|     <limits.h> exists even on freestanding compilers.  */
| 
| #ifdef __STDC__
| # include <limits.h>
| #else
| # include <assert.h>
| #endif
| 
| #undef chsize
| 
| /* Override any GCC internal prototype to avoid an error.
|    Use char because int might match the return type of a GCC
|    builtin and then its argument prototype would still apply.  */
| #ifdef __cplusplus
| extern "C"
| #endif
| char chsize ();
| /* The GNU C library defines this for functions which it implements
|     to always fail with ENOSYS.  Some functions are actually named
|     something starting with __ and the normal name is an alias.  */
| #if defined __stub_chsize || defined __stub___chsize
| choke me
| #endif
| 
| int
| main ()
| {
| return chsize ();
|   ;
|   return 0;
| }
configure:9968: result: no
configure:9968: checking for rand
configure:9968: gcc -o conftest -g -O2   conftest.c  >&5
configure:9968: $? = 0
configure:9968: result: yes
configure:9968: checking for random
configure:9968: gcc -o conftest -g -O2   conftest.c  >&5
configure:9968: $? = 0
configure:9968: result: yes
configure:9968: checking for lrand48
configure:9968: gcc -o conftest -g -O2   conftest.c  >&5
configure:9968: $? = 0
configure:9968: result: yes
configure:9968: checking for random_r
configure:9968: gcc -o conftest -g -O2   conftest.c  >&5
configure:9968: $? = 0
configure:9968: result: yes
configure:9968: checking for rand_r
configure:9968: gcc -o conftest -g -O2   conftest.c  >&5
configure:9968: $? = 0
configure:9968: result: yes
configure:9968: checking for regcomp
configure:9968: gcc -o conftest -g -O2   conftest.c  >&5
configure:9968: $? = 0
configure:9968: result: yes
configure:9968: checking for regerror
configure:9968: gcc -o conftest -g -O2   conftest.c  >&5
configure:9968: $? = 0
configure:9968: result: yes
configure:9968: checking for regexec
configure:9968: gcc -o conftest -g -O2   conftest.c  >&5
configure:9968: $? = 0
configure:9968: result: yes
configure:9968: checking for regfree
configure:9968: gcc -o conftest -g -O2   conftest.c  >&5
configure:9968: $? = 0
configure:9968: result: yes
configure:9968: checking for posix_fadvise
configure:9968: gcc -o conftest -g -O2   conftest.c  >&5
configure:9968: $? = 0
configure:9968: result: yes
configure:9968: checking for fstatvfs
configure:9968: gcc -o conftest -g -O2   conftest.c  >&5
configure:9968: $? = 0
configure:9968: result: yes
configure:9968: checking for fstatfs
configure:9968: gcc -o conftest -g -O2   conftest.c  >&5
configure:9968: $? = 0
configure:9968: result: yes
configure:9980: checking for struct statvfs.f_basetype
configure:9980: gcc -c -g -O2  conftest.c >&5
conftest.c: In function 'main':
conftest.c:73:12: error: 'struct statvfs' has no member named 'f_basetype'
   73 | if (ac_aggr.f_basetype)
      |            ^
configure:9980: $? = 1
configure: failed program was:
| /* confdefs.h */
| #define PACKAGE_NAME ""
| #define PACKAGE_TARNAME ""
| #define PACKAGE_VERSION ""
| #define PACKAGE_STRING ""
| #define PACKAGE_BUGREPORT ""
| #define PACKAGE_URL ""
| #define PACKAGE "fontconfig"
| #define VERSION "2.10.1"
| #define STDC_HEADERS 1
| #define HAVE_SYS_TYPES_H 1
| #define HAVE_SYS_STAT_H 1
| #define HAVE_STDLIB_H 1
| #define HAVE_STRING_H 1
| #define HAVE_MEMORY_H 1
| #define HAVE_STRINGS_H 1
| #define HAVE_INTTYPES_H 1
| #define HAVE_STDINT_H 1
| #define HAVE_UNISTD_H 1
| #define HAVE_DLFCN_H 1
| #define LT_OBJDIR ".libs/"
| #define HAVE_WARNING_CPP_DIRECTIVE 1
| #define HAVE_DIRENT_H 1
| #define STDC_HEADERS 1
| #define HAVE_FCNTL_H 1
| #define HAVE_REGEX_H 1
| #define HAVE_STDLIB_H 1
| #define HAVE_STRING_H 1
| #define HAVE_UNISTD_H 1
| #define HAVE_SYS_VFS_H 1
| #define HAVE_SYS_STATFS_H 1
| #define HAVE_SYS_PARAM_H 1
| #define HAVE_SYS_MOUNT_H 1
| #define FLEXIBLE_ARRAY_MEMBER /**/
| #define HAVE_VPRINTF 1
| #define HAVE_STDLIB_H 1
| #define HAVE_UNISTD_H 1
| #define HAVE_SYS_PARAM_H 1
| #define HAVE_GETPAGESIZE 1
| #define HAVE_MMAP 1
| #define HAVE_GETEUID 1
| #define HAVE_GETUID 1
| #define HAVE_LINK 1
| #define HAVE_MEMMOVE 1
| #define HAVE_MEMSET 1
| #define HAVE_MKSTEMP 1
| #define HAVE_STRCHR 1
| #define HAVE_STRRCHR 1
| #define HAVE_STRTOL 1
| #define HAVE_GETOPT 1
| #define HAVE_GETOPT_LONG 1
| #define HAVE_SYSCONF 1
| #define HAVE_FTRUNCATE 1
| #define HAVE_RAND 1
| #define HAVE_RANDOM 1
| #define HAVE_LRAND48 1
| #define HAVE_RANDOM_R 1
| #define HAVE_RAND_R 1
| #define HAVE_REGCOMP 1
| #define HAVE_REGERROR 1
| #define HAVE_REGEXEC 1
| #define HAVE_REGFREE 1
| #define HAVE_POSIX_FADVISE 1
| #define HAVE_FSTATVFS 1
| #define HAVE_FSTATFS 1
| /* end confdefs.h.  */
| #include <sys/statvfs.h>
| 
| int
| main ()
| {
| static struct statvfs ac_aggr;
| if (ac_aggr.f_basetype)
| return 0;
|   ;
|   return 0;
| }
configure:9980: gcc -c -g -O2  conftest.c >&5
conftest.c: In function 'main':
conftest.c:73:19: error: 'struct statvfs' has no member named 'f_basetype'
   73 | if (sizeof ac_aggr.f_basetype)
      |                   ^
configure:9980: $? = 1
configure: failed program was:
| /* confdefs.h */
| #define PACKAGE_NAME ""
| #define PACKAGE_TARNAME ""
| #define PACKAGE_VERSION ""
| #define PACKAGE_STRING ""
| #define PACKAGE_BUGREPORT ""
| #define PACKAGE_URL ""
| #define PACKAGE "fontconfig"
| #define VERSION "2.10.1"
| #define STDC_HEADERS 1
| #define HAVE_SYS_TYPES_H 1
| #define HAVE_SYS_STAT_H 1
| #define HAVE_STDLIB_H 1
| #define HAVE_STRING_H 1
| #define HAVE_MEMORY_H 1
| #define HAVE_STRINGS_H 1
| #define HAVE_INTTYPES_H 1
| #define HAVE_STDINT_H 1
| #define HAVE_UNISTD_H 1
| #define HAVE_DLFCN_H 1
| #define LT_OBJDIR ".libs/"
| #define HAVE_WARNING_CPP_DIRECTIVE 1
| #define HAVE_DIRENT_H 1
| #define STDC_HEADERS 1
| #define HAVE_FCNTL_H 1
| #define HAVE_REGEX_H 1
| #define HAVE_STDLIB_H 1
| #define HAVE_STRING_H 1
| #define HAVE_UNISTD_H 1
| #define HAVE_SYS_VFS_H 1
| #define HAVE_SYS_STATFS_H 1
| #define HAVE_SYS_PARAM_H 1
| #define HAVE_SYS_MOUNT_H 1
| #define FLEXIBLE_ARRAY_MEMBER /**/
| #define HAVE_VPRINTF 1
| #define HAVE_STDLIB_H 1
| #define HAVE_UNISTD_H 1
| #define HAVE_SYS_PARAM_H 1
| #define HAVE_GETPAGESIZE 1
| #define HAVE_MMAP 1
| #define HAVE_GETEUID 1
| #define HAVE_GETUID 1
| #define HAVE_LINK 1
| #define HAVE_MEMMOVE 1
| #define HAVE_MEMSET 1
| #define HAVE_MKSTEMP 1
| #define HAVE_STRCHR 1
| #define HAVE_STRRCHR 1
| #define HAVE_STRTOL 1
| #define HAVE_GETOPT 1
| #define HAVE_GETOPT_LONG 1
| #define HAVE_SYSCONF 1
| #define HAVE_FTRUNCATE 1
| #define HAVE_RAND 1
| #define HAVE_RANDOM 1
| #define HAVE_LRAND48 1
| #define HAVE_RANDOM_R 1
| #define HAVE_RAND_R 1
| #define HAVE_REGCOMP 1
| #define HAVE_REGERROR 1
| #define HAVE_REGEXEC 1
| #define HAVE_REGFREE 1
| #define HAVE_POSIX_FADVISE 1
| #define HAVE_FSTATVFS 1
| #define HAVE_FSTATFS 1
| /* end confdefs.h.  */
| #include <sys/statvfs.h>
| 
| int
| main ()
| {
| static struct statvfs ac_aggr;
| if (sizeof ac_aggr.f_basetype)
| return 0;
|   ;
|   return 0;
| }
configure:9980: result: no
configure:9990: checking for struct statvfs.f_fstypename
configure:9990: gcc -c -g -O2  conftest.c >&5
conftest.c: In function 'main':
conftest.c:73:12: error: 'struct statvfs' has no member named 'f_fstypename'
   73 | if (ac_aggr.f_fstypename)
      |            ^
configure:9990: $? = 1
configure: failed program was:
| /* confdefs.h */
| #define PACKAGE_NAME ""
| #define PACKAGE_TARNAME ""
| #define PACKAGE_VERSION ""
| #define PACKAGE_STRING ""
| #define PACKAGE_BUGREPORT ""
| #define PACKAGE_URL ""
| #define PACKAGE "fontconfig"
| #define VERSION "2.10.1"
| #define STDC_HEADERS 1
| #define HAVE_SYS_TYPES_H 1
| #define HAVE_SYS_STAT_H 1
| #define HAVE_STDLIB_H 1
| #define HAVE_STRING_H 1
| #define HAVE_MEMORY_H 1
| #define HAVE_STRINGS_H 1
| #define HAVE_INTTYPES_H 1
| #define HAVE_STDINT_H 1
| #define HAVE_UNISTD_H 1
| #define HAVE_DLFCN_H 1
| #define LT_OBJDIR ".libs/"
| #define HAVE_WARNING_CPP_DIRECTIVE 1
| #define HAVE_DIRENT_H 1
| #define STDC_HEADERS 1
| #define HAVE_FCNTL_H 1
| #define HAVE_REGEX_H 1
| #define HAVE_STDLIB_H 1
| #define HAVE_STRING_H 1
| #define HAVE_UNISTD_H 1
| #define HAVE_SYS_VFS_H 1
| #define HAVE_SYS_STATFS_H 1
| #define HAVE_SYS_PARAM_H 1
| #define HAVE_SYS_MOUNT_H 1
| #define FLEXIBLE_ARRAY_MEMBER /**/
| #define HAVE_VPRINTF 1
| #define HAVE_STDLIB_H 1
| #define HAVE_UNISTD_H 1
| #define HAVE_SYS_PARAM_H 1
| #define HAVE_GETPAGESIZE 1
| #define HAVE_MMAP 1
| #define HAVE_GETEUID 1
| #define HAVE_GETUID 1
| #define HAVE_LINK 1
| #define HAVE_MEMMOVE 1
| #define HAVE_MEMSET 1
| #define HAVE_MKSTEMP 1
| #define HAVE_STRCHR 1
| #define HAVE_STRRCHR 1
| #define HAVE_STRTOL 1
| #define HAVE_GETOPT 1
| #define HAVE_GETOPT_LONG 1
| #define HAVE_SYSCONF 1
| #define HAVE_FTRUNCATE 1
| #define HAVE_RAND 1
| #define HAVE_RANDOM 1
| #define HAVE_LRAND48 1
| #define HAVE_RANDOM_R 1
| #define HAVE_RAND_R 1
| #define HAVE_REGCOMP 1
| #define HAVE_REGERROR 1
| #define HAVE_REGEXEC 1
| #define HAVE_REGFREE 1
| #define HAVE_POSIX_FADVISE 1
| #define HAVE_FSTATVFS 1
| #define HAVE_FSTATFS 1
| /* end confdefs.h.  */
| #include <sys/statvfs.h>
| 
| int
| main ()
| {
| static struct statvfs ac_aggr;
| if (ac_aggr.f_fstypename)
| return 0;
|   ;
|   return 0;
| }
configure:9990: gcc -c -g -O2  conftest.c >&5
conftest.c: In function 'main':
conftest.c:73:19: error: 'struct statvfs' has no member named 'f_fstypename'
   73 | if (sizeof ac_aggr.f_fstypename)
      |                   ^
configure:9990: $? = 1
configure: failed program was:
| /* confdefs.h */
| #define PACKAGE_NAME ""
| #define PACKAGE_TARNAME ""
| #define PACKAGE_VERSION ""
| #define PACKAGE_STRING ""
| #define PACKAGE_BUGREPORT ""
| #define PACKAGE_URL ""
| #define PACKAGE "fontconfig"
| #define VERSION "2.10.1"
| #define STDC_HEADERS 1
| #define HAVE_SYS_TYPES_H 1
| #define HAVE_SYS_STAT_H 1
| #define HAVE_STDLIB_H 1
| #define HAVE_STRING_H 1
| #define HAVE_MEMORY_H 1
| #define HAVE_STRINGS_H 1
| #define HAVE_INTTYPES_H 1
| #define HAVE_STDINT_H 1
| #define HAVE_UNISTD_H 1
| #define HAVE_DLFCN_H 1
| #define LT_OBJDIR ".libs/"
| #define HAVE_WARNING_CPP_DIRECTIVE 1
| #define HAVE_DIRENT_H 1
| #define STDC_HEADERS 1
| #define HAVE_FCNTL_H 1
| #define HAVE_REGEX_H 1
| #define HAVE_STDLIB_H 1
| #define HAVE_STRING_H 1
| #define HAVE_UNISTD_H 1
| #define HAVE_SYS_VFS_H 1
| #define HAVE_SYS_STATFS_H 1
| #define HAVE_SYS_PARAM_H 1
| #define HAVE_SYS_MOUNT_H 1
| #define FLEXIBLE_ARRAY_MEMBER /**/
| #define HAVE_VPRINTF 1
| #define HAVE_STDLIB_H 1
| #define HAVE_UNISTD_H 1
| #define HAVE_SYS_PARAM_H 1
| #define HAVE_GETPAGESIZE 1
| #define HAVE_MMAP 1
| #define HAVE_GETEUID 1
| #define HAVE_GETUID 1
| #define HAVE_LINK 1
| #define HAVE_MEMMOVE 1
| #define HAVE_MEMSET 1
| #define HAVE_MKSTEMP 1
| #define HAVE_STRCHR 1
| #define HAVE_STRRCHR 1
| #define HAVE_STRTOL 1
| #define HAVE_GETOPT 1
| #define HAVE_GETOPT_LONG 1
| #define HAVE_SYSCONF 1
| #define HAVE_FTRUNCATE 1
| #define HAVE_RAND 1
| #define HAVE_RANDOM 1
| #define HAVE_LRAND48 1
| #define HAVE_RANDOM_R 1
| #define HAVE_RAND_R 1
| #define HAVE_REGCOMP 1
| #define HAVE_REGERROR 1
| #define HAVE_REGEXEC 1
| #define HAVE_REGFREE 1
| #define HAVE_POSIX_FADVISE 1
| #define HAVE_FSTATVFS 1
| #define HAVE_FSTATFS 1
| /* end confdefs.h.  */
| #include <sys/statvfs.h>
| 
| int
| main ()
| {
| static struct statvfs ac_aggr;
| if (sizeof ac_aggr.f_fstypename)
| return 0;
|   ;
|   return 0;
| }
configure:9990: result: no
configure:10003: checking for struct statfs.f_flags
configure:10003: gcc -c -g -O2  conftest.c >&5
configure:10003: $? = 0
configure:10003: result: yes
configure:10025: checking for struct statfs.f_fstypename
configure:10025: gcc -c -g -O2  conftest.c >&5
conftest.c: In function 'main':
conftest.c:86:12: error: 'struct statfs' has no member named 'f_fstypename'
   86 | if (ac_aggr.f_fstypename)
      |            ^
configure:10025: $? = 1
configure: failed program was:
| /* confdefs.h */
| #define PACKAGE_NAME ""
| #define PACKAGE_TARNAME ""
| #define PACKAGE_VERSION ""
| #define PACKAGE_STRING ""
| #define PACKAGE_BUGREPORT ""
| #define PACKAGE_URL ""
| #define PACKAGE "fontconfig"
| #define VERSION "2.10.1"
| #define STDC_HEADERS 1
| #define HAVE_SYS_TYPES_H 1
| #define HAVE_SYS_STAT_H 1
| #define HAVE_STDLIB_H 1
| #define HAVE_STRING_H 1
| #define HAVE_MEMORY_H 1
| #define HAVE_STRINGS_H 1
| #define HAVE_INTTYPES_H 1
| #define HAVE_STDINT_H 1
| #define HAVE_UNISTD_H 1
| #define HAVE_DLFCN_H 1
| #define LT_OBJDIR ".libs/"
| #define HAVE_WARNING_CPP_DIRECTIVE 1
| #define HAVE_DIRENT_H 1
| #define STDC_HEADERS 1
| #define HAVE_FCNTL_H 1
| #define HAVE_REGEX_H 1
| #define HAVE_STDLIB_H 1
| #define HAVE_STRING_H 1
| #define HAVE_UNISTD_H 1
| #define HAVE_SYS_VFS_H 1
| #define HAVE_SYS_STATFS_H 1
| #define HAVE_SYS_PARAM_H 1
| #define HAVE_SYS_MOUNT_H 1
| #define FLEXIBLE_ARRAY_MEMBER /**/
| #define HAVE_VPRINTF 1
| #define HAVE_STDLIB_H 1
| #define HAVE_UNISTD_H 1
| #define HAVE_SYS_PARAM_H 1
| #define HAVE_GETPAGESIZE 1
| #define HAVE_MMAP 1
| #define HAVE_GETEUID 1
| #define HAVE_GETUID 1
| #define HAVE_LINK 1
| #define HAVE_MEMMOVE 1
| #define HAVE_MEMSET 1
| #define HAVE_MKSTEMP 1
| #define HAVE_STRCHR 1
| #define HAVE_STRRCHR 1
| #define HAVE_STRTOL 1
| #define HAVE_GETOPT 1
| #define HAVE_GETOPT_LONG 1
| #define HAVE_SYSCONF 1
| #define HAVE_FTRUNCATE 1
| #define HAVE_RAND 1
| #define HAVE_RANDOM 1
| #define HAVE_LRAND48 1
| #define HAVE_RANDOM_R 1
| #define HAVE_RAND_R 1
| #define HAVE_REGCOMP 1
| #define HAVE_REGERROR 1
| #define HAVE_REGEXEC 1
| #define HAVE_REGFREE 1
| #define HAVE_POSIX_FADVISE 1
| #define HAVE_FSTATVFS 1
| #define HAVE_FSTATFS 1
| #define HAVE_STRUCT_STATFS_F_FLAGS 1
| /* end confdefs.h.  */
| 
| #ifdef HAVE_SYS_VFS_H
| #include <sys/vfs.h>
| #endif
| #ifdef HAVE_SYS_STATFS_H
| #include <sys/statfs.h>
| #endif
| #ifdef HAVE_SYS_PARAM_H
| #include <sys/param.h>
| #endif
| #ifdef HAVE_SYS_MOUNT_H
| #include <sys/mount.h>
| #endif
| 
| int
| main ()
| {
| static struct statfs ac_aggr;
| if (ac_aggr.f_fstypename)
| return 0;
|   ;
|   return 0;
| }
configure:10025: gcc -c -g -O2  conftest.c >&5
conftest.c: In function 'main':
conftest.c:86:19: error: 'struct statfs' has no member named 'f_fstypename'
   86 | if (sizeof ac_aggr.f_fstypename)
      |                   ^
configure:10025: $? = 1
configure: failed program was:
| /* confdefs.h */
| #define PACKAGE_NAME ""
| #define PACKAGE_TARNAME ""
| #define PACKAGE_VERSION ""
| #define PACKAGE_STRING ""
| #define PACKAGE_BUGREPORT ""
| #define PACKAGE_URL ""
| #define PACKAGE "fontconfig"
| #define VERSION "2.10.1"
| #define STDC_HEADERS 1
| #define HAVE_SYS_TYPES_H 1
| #define HAVE_SYS_STAT_H 1
| #define HAVE_STDLIB_H 1
| #define HAVE_STRING_H 1
| #define HAVE_MEMORY_H 1
| #define HAVE_STRINGS_H 1
| #define HAVE_INTTYPES_H 1
| #define HAVE_STDINT_H 1
| #define HAVE_UNISTD_H 1
| #define HAVE_DLFCN_H 1
| #define LT_OBJDIR ".libs/"
| #define HAVE_WARNING_CPP_DIRECTIVE 1
| #define HAVE_DIRENT_H 1
| #define STDC_HEADERS 1
| #define HAVE_FCNTL_H 1
| #define HAVE_REGEX_H 1
| #define HAVE_STDLIB_H 1
| #define HAVE_STRING_H 1
| #define HAVE_UNISTD_H 1
| #define HAVE_SYS_VFS_H 1
| #define HAVE_SYS_STATFS_H 1
| #define HAVE_SYS_PARAM_H 1
| #define HAVE_SYS_MOUNT_H 1
| #define FLEXIBLE_ARRAY_MEMBER /**/
| #define HAVE_VPRINTF 1
| #define HAVE_STDLIB_H 1
| #define HAVE_UNISTD_H 1
| #define HAVE_SYS_PARAM_H 1
| #define HAVE_GETPAGESIZE 1
| #define HAVE_MMAP 1
| #define HAVE_GETEUID 1
| #define HAVE_GETUID 1
| #define HAVE_LINK 1
| #define HAVE_MEMMOVE 1
| #define HAVE_MEMSET 1
| #define HAVE_MKSTEMP 1
| #define HAVE_STRCHR 1
| #define HAVE_STRRCHR 1
| #define HAVE_STRTOL 1
| #define HAVE_GETOPT 1
| #define HAVE_GETOPT_LONG 1
| #define HAVE_SYSCONF 1
| #define HAVE_FTRUNCATE 1
| #define HAVE_RAND 1
| #define HAVE_RANDOM 1
| #define HAVE_LRAND48 1
| #define HAVE_RANDOM_R 1
| #define HAVE_RAND_R 1
| #define HAVE_REGCOMP 1
| #define HAVE_REGERROR 1
| #define HAVE_REGEXEC 1
| #define HAVE_REGFREE 1
| #define HAVE_POSIX_FADVISE 1
| #define HAVE_FSTATVFS 1
| #define HAVE_FSTATFS 1
| #define HAVE_STRUCT_STATFS_F_FLAGS 1
| /* end confdefs.h.  */
| 
| #ifdef HAVE_SYS_VFS_H
| #include <sys/vfs.h>
| #endif
| #ifdef HAVE_SYS_STATFS_H
| #include <sys/statfs.h>
| #endif
| #ifdef HAVE_SYS_PARAM_H
| #include <sys/param.h>
| #endif
| #ifdef HAVE_SYS_MOUNT_H
| #include <sys/mount.h>
| #endif
| 
| int
| main ()
| {
| static struct statfs ac_aggr;
| if (sizeof ac_aggr.f_fstypename)
| return 0;
|   ;
|   return 0;
| }
configure:10025: result: no
configure:10049: checking for struct dirent.d_type
configure:10049: gcc -c -g -O2  conftest.c >&5
configure:10049: $? = 0
configure:10049: result: yes
configure:10201: checking for FREETYPE
configure:10208: $PKG_CONFIG --exists --print-errors "freetype2"
configure:10211: $? = 0
configure:10224: $PKG_CONFIG --exists --print-errors "freetype2"
configure:10227: $? = 0
configure:10286: result: yes
configure:10301: checking for FT_Get_Next_Char
configure:10301: gcc -o conftest -g -O2 -I/usr/local/include/freetype2 -I/usr/local/include   conftest.c  -L/usr/local/lib -lfreetype >&5
configure:10301: $? = 0
configure:10301: result: yes
configure:10301: checking for FT_Get_BDF_Property
configure:10301: gcc -o conftest -g -O2 -I/usr/local/include/freetype2 -I/usr/local/include   conftest.c  -L/usr/local/lib -lfreetype >&5
configure:10301: $? = 0
configure:10301: result: yes
configure:10301: checking for FT_Get_PS_Font_Info
configure:10301: gcc -o conftest -g -O2 -I/usr/local/include/freetype2 -I/usr/local/include   conftest.c  -L/usr/local/lib -lfreetype >&5
configure:10301: $? = 0
configure:10301: result: yes
configure:10301: checking for FT_Has_PS_Glyph_Names
configure:10301: gcc -o conftest -g -O2 -I/usr/local/include/freetype2 -I/usr/local/include   conftest.c  -L/usr/local/lib -lfreetype >&5
configure:10301: $? = 0
configure:10301: result: yes
configure:10301: checking for FT_Get_X11_Font_Format
configure:10301: gcc -o conftest -g -O2 -I/usr/local/include/freetype2 -I/usr/local/include   conftest.c  -L/usr/local/lib -lfreetype >&5
configure:10301: $? = 0
configure:10301: result: yes
configure:10301: checking for FT_Select_Size
configure:10301: gcc -o conftest -g -O2 -I/usr/local/include/freetype2 -I/usr/local/include   conftest.c  -L/usr/local/lib -lfreetype >&5
configure:10301: $? = 0
configure:10301: result: yes
configure:10310: checking for FT_Bitmap_Size.y_ppem
configure:10310: gcc -c -g -O2 -I/usr/local/include/freetype2 -I/usr/local/include  conftest.c >&5
configure:10310: $? = 0
configure:10310: result: yes
configure:10360: checking for EXPAT
configure:10367: $PKG_CONFIG --exists --print-errors "expat"
configure:10370: $? = 0
configure:10383: $PKG_CONFIG --exists --print-errors "expat"
configure:10386: $? = 0
configure:10423: result: yes
configure:10452: checking expat.h usability
configure:10452: gcc -c -g -O2   conftest.c >&5
configure:10452: $? = 0
configure:10452: result: yes
configure:10452: checking expat.h presence
configure:10452: gcc -E   conftest.c
configure:10452: $? = 0
configure:10452: result: yes
configure:10452: checking for expat.h
configure:10452: result: yes
configure:10480: checking for XML_SetDoctypeDeclHandler
configure:10480: gcc -o conftest -g -O2    conftest.c  -lexpat >&5
configure:10480: $? = 0
configure:10480: result: yes
configure:10861: checking for docbook2html
configure:10889: result: no
configure:10955: checking whether byte ordering is bigendian
configure:10970: gcc -c -g -O2  conftest.c >&5
conftest.c:82:9: error: unknown type name 'not'
   82 |         not a universal capable compiler
      |         ^~~
conftest.c:82:15: error: expected '=', ',', ';', 'asm' or '__attribute__' before 'universal'
   82 |         not a universal capable compiler
      |               ^~~~~~~~~
conftest.c:82:15: error: unknown type name 'universal'
configure:10970: $? = 1
configure: failed program was:
| /* confdefs.h */
| #define PACKAGE_NAME ""
| #define PACKAGE_TARNAME ""
| #define PACKAGE_VERSION ""
| #define PACKAGE_STRING ""
| #define PACKAGE_BUGREPORT ""
| #define PACKAGE_URL ""
| #define PACKAGE "fontconfig"
| #define VERSION "2.10.1"
| #define STDC_HEADERS 1
| #define HAVE_SYS_TYPES_H 1
| #define HAVE_SYS_STAT_H 1
| #define HAVE_STDLIB_H 1
| #define HAVE_STRING_H 1
| #define HAVE_MEMORY_H 1
| #define HAVE_STRINGS_H 1
| #define HAVE_INTTYPES_H 1
| #define HAVE_STDINT_H 1
| #define HAVE_UNISTD_H 1
| #define HAVE_DLFCN_H 1
| #define LT_OBJDIR ".libs/"
| #define HAVE_WARNING_CPP_DIRECTIVE 1
| #define HAVE_DIRENT_H 1
| #define STDC_HEADERS 1
| #define HAVE_FCNTL_H 1
| #define HAVE_REGEX_H 1
| #define HAVE_STDLIB_H 1
| #define HAVE_STRING_H 1
| #define HAVE_UNISTD_H 1
| #define HAVE_SYS_VFS_H 1
| #define HAVE_SYS_STATFS_H 1
| #define HAVE_SYS_PARAM_H 1
| #define HAVE_SYS_MOUNT_H 1
| #define FLEXIBLE_ARRAY_MEMBER /**/
| #define HAVE_VPRINTF 1
| #define HAVE_STDLIB_H 1
| #define HAVE_UNISTD_H 1
| #define HAVE_SYS_PARAM_H 1
| #define HAVE_GETPAGESIZE 1
| #define HAVE_MMAP 1
| #define HAVE_GETEUID 1
| #define HAVE_GETUID 1
| #define HAVE_LINK 1
| #define HAVE_MEMMOVE 1
| #define HAVE_MEMSET 1
| #define HAVE_MKSTEMP 1
| #define HAVE_STRCHR 1
| #define HAVE_STRRCHR 1
| #define HAVE_STRTOL 1
| #define HAVE_GETOPT 1
| #define HAVE_GETOPT_LONG 1
| #define HAVE_SYSCONF 1
| #define HAVE_FTRUNCATE 1
| #define HAVE_RAND 1
| #define HAVE_RANDOM 1
| #define HAVE_LRAND48 1
| #define HAVE_RANDOM_R 1
| #define HAVE_RAND_R 1
| #define HAVE_REGCOMP 1
| #define HAVE_REGERROR 1
| #define HAVE_REGEXEC 1
| #define HAVE_REGFREE 1
| #define HAVE_POSIX_FADVISE 1
| #define HAVE_FSTATVFS 1
| #define HAVE_FSTATFS 1
| #define HAVE_STRUCT_STATFS_F_FLAGS 1
| #define HAVE_STRUCT_DIRENT_D_TYPE 1
| #define USE_REGEX /**/
| #define USE_ICONV 0
| #define HAVE_FT_GET_NEXT_CHAR 1
| #define HAVE_FT_GET_BDF_PROPERTY 1
| #define HAVE_FT_GET_PS_FONT_INFO 1
| #define HAVE_FT_HAS_PS_GLYPH_NAMES 1
| #define HAVE_FT_GET_X11_FONT_FORMAT 1
| #define HAVE_FT_SELECT_SIZE 1
| #define HAVE_FT_BITMAP_SIZE_Y_PPEM 1
| #define HAVE_XML_SETDOCTYPEDECLHANDLER 1
| #define FC_DEFAULT_FONTS "/usr/share/fonts"
| #define FC_ADD_FONTS "yes"
| /* end confdefs.h.  */
| #ifndef __APPLE_CC__
| 	       not a universal capable compiler
| 	     #endif
| 	     typedef int dummy;
| 
configure:11015: gcc -c -g -O2  conftest.c >&5
configure:11015: $? = 0
configure:11033: gcc -c -g -O2  conftest.c >&5
conftest.c: In function 'main':
conftest.c:88:4: error: unknown type name 'not'; did you mean 'ino_t'?
   88 |    not big endian
      |    ^~~
      |    ino_t
conftest.c:88:12: error: expected '=', ',', ';', 'asm' or '__attribute__' before 'endian'
   88 |    not big endian
      |            ^~~~~~
configure:11033: $? = 1
configure: failed program was:
| /* confdefs.h */
| #define PACKAGE_NAME ""
| #define PACKAGE_TARNAME ""
| #define PACKAGE_VERSION ""
| #define PACKAGE_STRING ""
| #define PACKAGE_BUGREPORT ""
| #define PACKAGE_URL ""
| #define PACKAGE "fontconfig"
| #define VERSION "2.10.1"
| #define STDC_HEADERS 1
| #define HAVE_SYS_TYPES_H 1
| #define HAVE_SYS_STAT_H 1
| #define HAVE_STDLIB_H 1
| #define HAVE_STRING_H 1
| #define HAVE_MEMORY_H 1
| #define HAVE_STRINGS_H 1
| #define HAVE_INTTYPES_H 1
| #define HAVE_STDINT_H 1
| #define HAVE_UNISTD_H 1
| #define HAVE_DLFCN_H 1
| #define LT_OBJDIR ".libs/"
| #define HAVE_WARNING_CPP_DIRECTIVE 1
| #define HAVE_DIRENT_H 1
| #define STDC_HEADERS 1
| #define HAVE_FCNTL_H 1
| #define HAVE_REGEX_H 1
| #define HAVE_STDLIB_H 1
| #define HAVE_STRING_H 1
| #define HAVE_UNISTD_H 1
| #define HAVE_SYS_VFS_H 1
| #define HAVE_SYS_STATFS_H 1
| #define HAVE_SYS_PARAM_H 1
| #define HAVE_SYS_MOUNT_H 1
| #define FLEXIBLE_ARRAY_MEMBER /**/
| #define HAVE_VPRINTF 1
| #define HAVE_STDLIB_H 1
| #define HAVE_UNISTD_H 1
| #define HAVE_SYS_PARAM_H 1
| #define HAVE_GETPAGESIZE 1
| #define HAVE_MMAP 1
| #define HAVE_GETEUID 1
| #define HAVE_GETUID 1
| #define HAVE_LINK 1
| #define HAVE_MEMMOVE 1
| #define HAVE_MEMSET 1
| #define HAVE_MKSTEMP 1
| #define HAVE_STRCHR 1
| #define HAVE_STRRCHR 1
| #define HAVE_STRTOL 1
| #define HAVE_GETOPT 1
| #define HAVE_GETOPT_LONG 1
| #define HAVE_SYSCONF 1
| #define HAVE_FTRUNCATE 1
| #define HAVE_RAND 1
| #define HAVE_RANDOM 1
| #define HAVE_LRAND48 1
| #define HAVE_RANDOM_R 1
| #define HAVE_RAND_R 1
| #define HAVE_REGCOMP 1
| #define HAVE_REGERROR 1
| #define HAVE_REGEXEC 1
| #define HAVE_REGFREE 1
| #define HAVE_POSIX_FADVISE 1
| #define HAVE_FSTATVFS 1
| #define HAVE_FSTATFS 1
| #define HAVE_STRUCT_STATFS_F_FLAGS 1
| #define HAVE_STRUCT_DIRENT_D_TYPE 1
| #define USE_REGEX /**/
| #define USE_ICONV 0
| #define HAVE_FT_GET_NEXT_CHAR 1
| #define HAVE_FT_GET_BDF_PROPERTY 1
| #define HAVE_FT_GET_PS_FONT_INFO 1
| #define HAVE_FT_HAS_PS_GLYPH_NAMES 1
| #define HAVE_FT_GET_X11_FONT_FORMAT 1
| #define HAVE_FT_SELECT_SIZE 1
| #define HAVE_FT_BITMAP_SIZE_Y_PPEM 1
| #define HAVE_XML_SETDOCTYPEDECLHANDLER 1
| #define FC_DEFAULT_FONTS "/usr/share/fonts"
| #define FC_ADD_FONTS "yes"
| /* end confdefs.h.  */
| #include <sys/types.h>
| 		#include <sys/param.h>
| 
| int
| main ()
| {
| #if BYTE_ORDER != BIG_ENDIAN
| 		 not big endian
| 		#endif
| 
|   ;
|   return 0;
| }
configure:11161: result: no
configure:11183: checking size of void *
configure:11188: gcc -o conftest -g -O2   conftest.c  >&5
configure:11188: $? = 0
configure:11188: ./conftest
configure:11188: $? = 0
configure:11202: result: 8
configure:11214: checking alignment of double
configure:11219: gcc -o conftest -g -O2   conftest.c  >&5
configure:11219: $? = 0
configure:11219: ./conftest
configure:11219: $? = 0
configure:11237: result: 8
configure:11399: creating ./config.status

## ---------------------- ##
## Running config.status. ##
## ---------------------- ##

This file was extended by config.status, which was
generated by GNU Autoconf 2.68.  Invocation command line was

  CONFIG_FILES    = 
  CONFIG_HEADERS  = 
  CONFIG_LINKS    = 
  CONFIG_COMMANDS = 
  $ ./config.status 

on lorenzo-MS-7996

config.status:1239: creating Makefile
config.status:1239: creating fontconfig/Makefile
config.status:1239: creating fc-lang/Makefile
config.status:1239: creating fc-glyphname/Makefile
config.status:1239: creating fc-case/Makefile
config.status:1239: creating src/Makefile
config.status:1239: creating conf.d/Makefile
config.status:1239: creating fc-cache/Makefile
config.status:1239: creating fc-cat/Makefile
config.status:1239: creating fc-list/Makefile
config.status:1239: creating fc-match/Makefile
config.status:1239: creating fc-pattern/Makefile
config.status:1239: creating fc-query/Makefile
config.status:1239: creating fc-scan/Makefile
config.status:1239: creating doc/Makefile
config.status:1239: creating doc/version.sgml
config.status:1239: creating test/Makefile
config.status:1239: creating fontconfig.spec
config.status:1239: creating fontconfig.pc
config.status:1239: creating fontconfig-zip
config.status:1239: creating config.h
config.status:1468: executing depfiles commands
config.status:1468: executing libtool commands

## ---------------- ##
## Cache variables. ##
## ---------------- ##

ac_cv_alignof_double=8
ac_cv_build=x86_64-unknown-linux-gnu
ac_cv_c_bigendian=no
ac_cv_c_compiler_gnu=yes
ac_cv_c_const=yes
ac_cv_c_flexmember=yes
ac_cv_c_inline=inline
ac_cv_env_CC_set=
ac_cv_env_CC_value=
ac_cv_env_CFLAGS_set=
ac_cv_env_CFLAGS_value=
ac_cv_env_CPPFLAGS_set=
ac_cv_env_CPPFLAGS_value=
ac_cv_env_CPP_set=
ac_cv_env_CPP_value=
ac_cv_env_EXPAT_CFLAGS_set=
ac_cv_env_EXPAT_CFLAGS_value=
ac_cv_env_EXPAT_LIBS_set=
ac_cv_env_EXPAT_LIBS_value=
ac_cv_env_FREETYPE_CFLAGS_set=
ac_cv_env_FREETYPE_CFLAGS_value=
ac_cv_env_FREETYPE_LIBS_set=
ac_cv_env_FREETYPE_LIBS_value=
ac_cv_env_LDFLAGS_set=
ac_cv_env_LDFLAGS_value=
ac_cv_env_LIBS_set=
ac_cv_env_LIBS_value=
ac_cv_env_LIBXML2_CFLAGS_set=
ac_cv_env_LIBXML2_CFLAGS_value=
ac_cv_env_LIBXML2_LIBS_set=
ac_cv_env_LIBXML2_LIBS_value=
ac_cv_env_PKG_CONFIG_LIBDIR_set=
ac_cv_env_PKG_CONFIG_LIBDIR_value=
ac_cv_env_PKG_CONFIG_PATH_set=
ac_cv_env_PKG_CONFIG_PATH_value=
ac_cv_env_PKG_CONFIG_set=
ac_cv_env_PKG_CONFIG_value=
ac_cv_env_build_alias_set=
ac_cv_env_build_alias_value=
ac_cv_env_host_alias_set=
ac_cv_env_host_alias_value=
ac_cv_env_target_alias_set=
ac_cv_env_target_alias_value=
ac_cv_func_FT_Get_BDF_Property=yes
ac_cv_func_FT_Get_Next_Char=yes
ac_cv_func_FT_Get_PS_Font_Info=yes
ac_cv_func_FT_Get_X11_Font_Format=yes
ac_cv_func_FT_Has_PS_Glyph_Names=yes
ac_cv_func_FT_Select_Size=yes
ac_cv_func_XML_SetDoctypeDeclHandler=yes
ac_cv_func__doprnt=no
ac_cv_func_chsize=no
ac_cv_func_fstatfs=yes
ac_cv_func_fstatvfs=yes
ac_cv_func_ftruncate=yes
ac_cv_func_geteuid=yes
ac_cv_func_getopt=yes
ac_cv_func_getopt_long=yes
ac_cv_func_getpagesize=yes
ac_cv_func_getuid=yes
ac_cv_func_link=yes
ac_cv_func_lrand48=yes
ac_cv_func_memmove=yes
ac_cv_func_memset=yes
ac_cv_func_mkstemp=yes
ac_cv_func_mmap_fixed_mapped=yes
ac_cv_func_posix_fadvise=yes
ac_cv_func_rand=yes
ac_cv_func_rand_r=yes
ac_cv_func_random=yes
ac_cv_func_random_r=yes
ac_cv_func_regcomp=yes
ac_cv_func_regerror=yes
ac_cv_func_regexec=yes
ac_cv_func_regfree=yes
ac_cv_func_strchr=yes
ac_cv_func_strrchr=yes
ac_cv_func_strtol=yes
ac_cv_func_sysconf=yes
ac_cv_func_vprintf=yes
ac_cv_header_dirent_dirent_h=yes
ac_cv_header_dlfcn_h=yes
ac_cv_header_expat_h=yes
ac_cv_header_fcntl_h=yes
ac_cv_header_inttypes_h=yes
ac_cv_header_memory_h=yes
ac_cv_header_regex_h=yes
ac_cv_header_stdc=yes
ac_cv_header_stdint_h=yes
ac_cv_header_stdlib_h=yes
ac_cv_header_string_h=yes
ac_cv_header_strings_h=yes
ac_cv_header_sys_mount_h=yes
ac_cv_header_sys_param_h=yes
ac_cv_header_sys_stat_h=yes
ac_cv_header_sys_statfs_h=yes
ac_cv_header_sys_types_h=yes
ac_cv_header_sys_vfs_h=yes
ac_cv_header_unistd_h=yes
ac_cv_host=x86_64-unknown-linux-gnu
ac_cv_member_FT_Bitmap_Size_y_ppem=yes
ac_cv_member_struct_dirent_d_type=yes
ac_cv_member_struct_statfs_f_flags=yes
ac_cv_member_struct_statfs_f_fstypename=no
ac_cv_member_struct_statvfs_f_basetype=no
ac_cv_member_struct_statvfs_f_fstypename=no
ac_cv_objext=o
ac_cv_path_EGREP='/usr/bin/grep -E'
ac_cv_path_FGREP='/usr/bin/grep -F'
ac_cv_path_GREP=/usr/bin/grep
ac_cv_path_SED=/usr/bin/sed
ac_cv_path_ac_pt_PKG_CONFIG=/usr/bin/pkg-config
ac_cv_path_install='/usr/bin/install -c'
ac_cv_path_mkdir=/usr/bin/mkdir
ac_cv_prog_AWK=mawk
ac_cv_prog_CPP='gcc -E'
ac_cv_prog_HASDOCBOOK=no
ac_cv_prog_ac_ct_AR=ar
ac_cv_prog_ac_ct_CC=gcc
ac_cv_prog_ac_ct_DLLTOOL=dlltool
ac_cv_prog_ac_ct_MANIFEST_TOOL=mt
ac_cv_prog_ac_ct_OBJDUMP=objdump
ac_cv_prog_ac_ct_RANLIB=ranlib
ac_cv_prog_ac_ct_STRIP=strip
ac_cv_prog_cc_c89=
ac_cv_prog_cc_g=yes
ac_cv_prog_make_make_set=yes
ac_cv_search_opendir='none required'
ac_cv_sizeof_void_p=8
ac_cv_type_pid_t=yes
am_cv_CC_dependencies_compiler_type=gcc3
am_cv_make_support_nested_variables=yes
lt_cv_ar_at_file=@
lt_cv_archive_cmds_need_lc=no
lt_cv_deplibs_check_method=pass_all
lt_cv_file_magic_cmd='$MAGIC_CMD'
lt_cv_file_magic_test_file=
lt_cv_ld_reload_flag=-r
lt_cv_nm_interface='BSD nm'
lt_cv_objdir=.libs
lt_cv_path_LD=/usr/bin/ld
lt_cv_path_NM='/usr/bin/nm -B'
lt_cv_path_mainfest_tool=no
lt_cv_prog_compiler_c_o=yes
lt_cv_prog_compiler_pic='-fPIC -DPIC'
lt_cv_prog_compiler_pic_works=yes
lt_cv_prog_compiler_rtti_exceptions=no
lt_cv_prog_compiler_static_works=yes
lt_cv_prog_gnu_ld=yes
lt_cv_sharedlib_from_linklib_cmd='printf %s\n'
lt_cv_shlibpath_overrides_runpath=yes
lt_cv_sys_global_symbol_pipe='sed -n -e '\''s/^.*[	 ]\([ABCDGIRSTW][ABCDGIRSTW]*\)[	 ][	 ]*\([_A-Za-z][_A-Za-z0-9]*\)$/\1 \2 \2/p'\'' | sed '\''/ __gnu_lto/d'\'''
lt_cv_sys_global_symbol_to_c_name_address='sed -n -e '\''s/^: \([^ ]*\)[ ]*$/  {\"\1\", (void *) 0},/p'\'' -e '\''s/^[ABCDGIRSTW]* \([^ ]*\) \([^ ]*\)$/  {"\2", (void *) \&\2},/p'\'''
lt_cv_sys_global_symbol_to_c_name_address_lib_prefix='sed -n -e '\''s/^: \([^ ]*\)[ ]*$/  {\"\1\", (void *) 0},/p'\'' -e '\''s/^[ABCDGIRSTW]* \([^ ]*\) \(lib[^ ]*\)$/  {"\2", (void *) \&\2},/p'\'' -e '\''s/^[ABCDGIRSTW]* \([^ ]*\) \([^ ]*\)$/  {"lib\2", (void *) \&\2},/p'\'''
lt_cv_sys_global_symbol_to_cdecl='sed -n -e '\''s/^T .* \(.*\)$/extern int \1();/p'\'' -e '\''s/^[ABCDGIRSTW]* .* \(.*\)$/extern char \1;/p'\'''
lt_cv_sys_max_cmd_len=1572864
lt_cv_to_host_file_cmd=func_convert_file_noop
lt_cv_to_tool_file_cmd=func_convert_file_noop
pkg_cv_EXPAT_CFLAGS=
pkg_cv_EXPAT_LIBS=-lexpat
pkg_cv_FREETYPE_CFLAGS='-I/usr/local/include/freetype2 -I/usr/local/include'
pkg_cv_FREETYPE_LIBS='-L/usr/local/lib -lfreetype'

## ----------------- ##
## Output variables. ##
## ----------------- ##

ACLOCAL='${SHELL} /home/lorenzo/CLionProjects/PdfManagement/lib/podofo/include_dir/fontconfig-2.10.1/missing --run aclocal-1.11'
AMDEPBACKSLASH='\'
AMDEP_FALSE='#'
AMDEP_TRUE=''
AMTAR='$${TAR-tar}'
AM_BACKSLASH='\'
AM_DEFAULT_V='$(AM_DEFAULT_VERBOSITY)'
AM_DEFAULT_VERBOSITY='0'
AM_V='$(V)'
AR='ar'
AS='as'
AUTOCONF='${SHELL} /home/lorenzo/CLionProjects/PdfManagement/lib/podofo/include_dir/fontconfig-2.10.1/missing --run autoconf'
AUTOHEADER='${SHELL} /home/lorenzo/CLionProjects/PdfManagement/lib/podofo/include_dir/fontconfig-2.10.1/missing --run autoheader'
AUTOMAKE='${SHELL} /home/lorenzo/CLionProjects/PdfManagement/lib/podofo/include_dir/fontconfig-2.10.1/missing --run automake-1.11'
AWK='mawk'
BASECONFIGDIR='${sysconfdir}/fonts'
CC='gcc'
CCDEPMODE='depmode=gcc3'
CFLAGS='-g -O2'
CONFIGDIR='${baseconfigdir}/conf.d'
CPP='gcc -E'
CPPFLAGS=''
CROSS_COMPILING_FALSE=''
CROSS_COMPILING_TRUE='#'
CYGPATH_W='echo'
DEFS='-DHAVE_CONFIG_H'
DEPDIR='.deps'
DLLTOOL='dlltool'
DOCMAN3='FcAtomicCreate.3 FcAtomicLock.3 FcAtomicNewFile.3 FcAtomicOrigFile.3 FcAtomicReplaceOrig.3 FcAtomicDeleteNew.3 FcAtomicUnlock.3 FcAtomicDestroy.3 FcBlanksCreate.3 FcBlanksDestroy.3 FcBlanksAdd.3 FcBlanksIsMember.3 FcCacheDir.3 FcCacheCopySet.3 FcCacheSubdir.3 FcCacheNumSubdir.3 FcCacheNumFont.3 FcDirCacheClean.3 FcCacheCreateTagFile.3 FcCharSetCreate.3 FcCharSetDestroy.3 FcCharSetAddChar.3 FcCharSetDelChar.3 FcCharSetCopy.3 FcCharSetEqual.3 FcCharSetIntersect.3 FcCharSetUnion.3 FcCharSetSubtract.3 FcCharSetMerge.3 FcCharSetHasChar.3 FcCharSetCount.3 FcCharSetIntersectCount.3 FcCharSetSubtractCount.3 FcCharSetIsSubset.3 FcCharSetFirstPage.3 FcCharSetNextPage.3 FcCharSetCoverage.3 FcCharSetNew.3 FcConfigCreate.3 FcConfigReference.3 FcConfigDestroy.3 FcConfigSetCurrent.3 FcConfigGetCurrent.3 FcConfigUptoDate.3 FcConfigHome.3 FcConfigEnableHome.3 FcConfigBuildFonts.3 FcConfigGetConfigDirs.3 FcConfigGetFontDirs.3 FcConfigGetConfigFiles.3 FcConfigGetCache.3 FcConfigGetCacheDirs.3 FcConfigGetFonts.3 FcConfigGetBlanks.3 FcConfigGetRescanInterval.3 FcConfigSetRescanInterval.3 FcConfigAppFontAddFile.3 FcConfigAppFontAddDir.3 FcConfigAppFontClear.3 FcConfigSubstituteWithPat.3 FcConfigSubstitute.3 FcFontMatch.3 FcFontSort.3 FcFontRenderPrepare.3 FcFontList.3 FcConfigFilename.3 FcConfigParseAndLoad.3 FcNameRegisterConstants.3 FcNameUnregisterConstants.3 FcNameGetConstant.3 FcNameConstant.3 FcDirCacheUnlink.3 FcDirCacheValid.3 FcDirCacheLoad.3 FcDirCacheRead.3 FcDirCacheLoadFile.3 FcDirCacheUnload.3 FcFileScan.3 FcFileIsDir.3 FcDirScan.3 FcDirSave.3 FcFontSetCreate.3 FcFontSetDestroy.3 FcFontSetAdd.3 FcFontSetList.3 FcFontSetMatch.3 FcFontSetPrint.3 FcFontSetSort.3 FcFontSetSortDestroy.3 FcPatternFormat.3 FcFreeTypeCharIndex.3 FcFreeTypeCharSet.3 FcFreeTypeCharSetAndSpacing.3 FcFreeTypeQuery.3 FcFreeTypeQueryFace.3 FcInitLoadConfig.3 FcInitLoadConfigAndFonts.3 FcInit.3 FcFini.3 FcGetVersion.3 FcInitReinitialize.3 FcInitBringUptoDate.3 FcLangSetCreate.3 FcLangSetDestroy.3 FcLangSetCopy.3 FcLangSetAdd.3 FcLangSetDel.3 FcLangSetUnion.3 FcLangSetSubtract.3 FcLangSetCompare.3 FcLangSetContains.3 FcLangSetEqual.3 FcLangSetHash.3 FcLangSetHasLang.3 FcGetDefaultLangs.3 FcGetLangs.3 FcLangGetCharSet.3 FcMatrixInit.3 FcMatrixCopy.3 FcMatrixEqual.3 FcMatrixMultiply.3 FcMatrixRotate.3 FcMatrixScale.3 FcMatrixShear.3 FcObjectSetCreate.3 FcObjectSetAdd.3 FcObjectSetDestroy.3 FcObjectSetBuild.3 FcNameRegisterObjectTypes.3 FcNameUnregisterObjectTypes.3 FcNameGetObjectType.3 FcPatternCreate.3 FcPatternDuplicate.3 FcPatternReference.3 FcPatternDestroy.3 FcPatternEqual.3 FcPatternEqualSubset.3 FcPatternFilter.3 FcPatternHash.3 FcPatternAdd.3 FcPatternAddWeak.3 FcPatternAdd-Type.3 FcPatternGet.3 FcPatternGet-Type.3 FcPatternBuild.3 FcPatternDel.3 FcPatternRemove.3 FcPatternPrint.3 FcDefaultSubstitute.3 FcNameParse.3 FcNameUnparse.3 FcUtf8ToUcs4.3 FcUcs4ToUtf8.3 FcUtf8Len.3 FcUtf16ToUcs4.3 FcUtf16Len.3 FcIsLower.3 FcIsUpper.3 FcToLower.3 FcStrCopy.3 FcStrDowncase.3 FcStrCopyFilename.3 FcStrCmp.3 FcStrCmpIgnoreCase.3 FcStrStr.3 FcStrStrIgnoreCase.3 FcStrPlus.3 FcStrFree.3 FcStrDirname.3 FcStrBasename.3 FcStrSetCreate.3 FcStrSetMember.3 FcStrSetEqual.3 FcStrSetAdd.3 FcStrSetAddFilename.3 FcStrSetDel.3 FcStrSetDestroy.3 FcStrListCreate.3 FcStrListNext.3 FcStrListDone.3 FcValueDestroy.3 FcValueSave.3 FcValuePrint.3 FcValueEqual.3 '
DOCSRC='doc'
DSYMUTIL=''
DUMPBIN=''
ECHO_C=''
ECHO_N='-n'
ECHO_T=''
EGREP='/usr/bin/grep -E'
ENABLE_DOCS_FALSE='#'
ENABLE_DOCS_TRUE=''
ENABLE_SHARED_FALSE='#'
ENABLE_SHARED_TRUE=''
EXEEXT=''
EXPAT_CFLAGS=''
EXPAT_LIBS='-lexpat'
FC_ADD_FONTS=''
FC_CACHEDIR='${localstatedir}/cache/${PACKAGE}'
FC_DEFAULT_FONTS='/usr/share/fonts'
FC_FONTDATE='Wed Jul 29 17:14:38 CEST 2020'
FC_FONTPATH=''
FGREP='/usr/bin/grep -F'
FREETYPE_CFLAGS='-I/usr/local/include/freetype2 -I/usr/local/include'
FREETYPE_LIBS='-L/usr/local/lib -lfreetype'
GREP='/usr/bin/grep'
HASDOCBOOK='no'
HAVE_XMLPARSE_H=''
ICONV_CFLAGS=''
ICONV_LIBS=''
INSTALL_DATA='${INSTALL} -m 644'
INSTALL_PROGRAM='${INSTALL}'
INSTALL_SCRIPT='${INSTALL}'
INSTALL_STRIP_PROGRAM='$(install_sh) -c -s'
LD='/usr/bin/ld -m elf_x86_64'
LDFLAGS=''
LIBOBJS=''
LIBS=''
LIBTOOL='$(SHELL) $(top_builddir)/libtool'
LIBT_CURRENT='7'
LIBT_CURRENT_MINUS_AGE='1'
LIBT_REVISION='2'
LIBT_VERSION_INFO='7:2:6'
LIBXML2_CFLAGS=''
LIBXML2_LIBS=''
LIPO=''
LN_S='ln -s'
LTLIBOBJS=''
MAKEINFO='${SHELL} /home/lorenzo/CLionProjects/PdfManagement/lib/podofo/include_dir/fontconfig-2.10.1/missing --run makeinfo'
MANIFEST_TOOL=':'
MKDIR_P='/usr/bin/mkdir -p'
MS_LIB_AVAILABLE_FALSE=''
MS_LIB_AVAILABLE_TRUE='#'
NM='/usr/bin/nm -B'
NMEDIT=''
OBJDUMP='objdump'
OBJEXT='o'
OS_WIN32_FALSE=''
OS_WIN32_TRUE='#'
OTOOL64=''
OTOOL=''
PACKAGE='fontconfig'
PACKAGE_BUGREPORT=''
PACKAGE_NAME=''
PACKAGE_STRING=''
PACKAGE_TARNAME=''
PACKAGE_URL=''
PACKAGE_VERSION=''
PATH_SEPARATOR=':'
PKG_CONFIG='/usr/bin/pkg-config'
PKG_CONFIG_LIBDIR=''
PKG_CONFIG_PATH=''
RANLIB='ranlib'
RM='rm -f'
SED='/usr/bin/sed'
SET_MAKE=''
SHELL='/bin/bash'
STRIP='strip'
TEMPLATEDIR='${datadir}/fontconfig/conf.avail'
USEDOCBOOK_FALSE=''
USEDOCBOOK_TRUE='#'
VERSION='2.10.1'
WARN_CFLAGS='-Wall -Wpointer-arith -Wstrict-prototypes 	-Wmissing-prototypes -Wmissing-declarations 	-Wnested-externs -fno-strict-aliasing'
XMLDIR='${datadir}/xml/fontconfig'
ac_ct_AR='ar'
ac_ct_CC='gcc'
ac_ct_DUMPBIN=''
am__EXEEXT_FALSE=''
am__EXEEXT_TRUE='#'
am__fastdepCC_FALSE='#'
am__fastdepCC_TRUE=''
am__include='include'
am__isrc=''
am__leading_dot='.'
am__nodep='_no'
am__quote=''
am__tar='$${TAR-tar} chof - "$$tardir"'
am__untar='$${TAR-tar} xf -'
baseconfigdir='${sysconfdir}/fonts'
bindir='${exec_prefix}/bin'
build='x86_64-unknown-linux-gnu'
build_alias=''
build_cpu='x86_64'
build_os='linux-gnu'
build_vendor='unknown'
configdir='${baseconfigdir}/conf.d'
datadir='${datarootdir}'
datarootdir='${prefix}/share'
docdir='${datarootdir}/doc/${PACKAGE}'
dvidir='${docdir}'
exec_prefix='${prefix}'
fc_cachedir='${localstatedir}/cache/${PACKAGE}'
host='x86_64-unknown-linux-gnu'
host_alias=''
host_cpu='x86_64'
host_os='linux-gnu'
host_vendor='unknown'
htmldir='${docdir}'
includedir='${prefix}/include'
infodir='${datarootdir}/info'
install_sh='${SHELL} /home/lorenzo/CLionProjects/PdfManagement/lib/podofo/include_dir/fontconfig-2.10.1/install-sh'
libdir='${exec_prefix}/lib'
libexecdir='${exec_prefix}/libexec'
localedir='${datarootdir}/locale'
localstatedir='${prefix}/var'
mandir='${datarootdir}/man'
mkdir_p='/usr/bin/mkdir -p'
ms_librarian=''
oldincludedir='/usr/include'
pdfdir='${docdir}'
prefix='/usr/local'
program_transform_name='s,x,x,'
psdir='${docdir}'
sbindir='${exec_prefix}/sbin'
sharedstatedir='${prefix}/com'
sysconfdir='${prefix}/etc'
target_alias=''
templatedir='${datadir}/fontconfig/conf.avail'
xmldir='${datadir}/xml/fontconfig'

## ----------- ##
## confdefs.h. ##
## ----------- ##

/* confdefs.h */
#define PACKAGE_NAME ""
#define PACKAGE_TARNAME ""
#define PACKAGE_VERSION ""
#define PACKAGE_STRING ""
#define PACKAGE_BUGREPORT ""
#define PACKAGE_URL ""
#define PACKAGE "fontconfig"
#define VERSION "2.10.1"
#define STDC_HEADERS 1
#define HAVE_SYS_TYPES_H 1
#define HAVE_SYS_STAT_H 1
#define HAVE_STDLIB_H 1
#define HAVE_STRING_H 1
#define HAVE_MEMORY_H 1
#define HAVE_STRINGS_H 1
#define HAVE_INTTYPES_H 1
#define HAVE_STDINT_H 1
#define HAVE_UNISTD_H 1
#define HAVE_DLFCN_H 1
#define LT_OBJDIR ".libs/"
#define HAVE_WARNING_CPP_DIRECTIVE 1
#define HAVE_DIRENT_H 1
#define STDC_HEADERS 1
#define HAVE_FCNTL_H 1
#define HAVE_REGEX_H 1
#define HAVE_STDLIB_H 1
#define HAVE_STRING_H 1
#define HAVE_UNISTD_H 1
#define HAVE_SYS_VFS_H 1
#define HAVE_SYS_STATFS_H 1
#define HAVE_SYS_PARAM_H 1
#define HAVE_SYS_MOUNT_H 1
#define FLEXIBLE_ARRAY_MEMBER /**/
#define HAVE_VPRINTF 1
#define HAVE_STDLIB_H 1
#define HAVE_UNISTD_H 1
#define HAVE_SYS_PARAM_H 1
#define HAVE_GETPAGESIZE 1
#define HAVE_MMAP 1
#define HAVE_GETEUID 1
#define HAVE_GETUID 1
#define HAVE_LINK 1
#define HAVE_MEMMOVE 1
#define HAVE_MEMSET 1
#define HAVE_MKSTEMP 1
#define HAVE_STRCHR 1
#define HAVE_STRRCHR 1
#define HAVE_STRTOL 1
#define HAVE_GETOPT 1
#define HAVE_GETOPT_LONG 1
#define HAVE_SYSCONF 1
#define HAVE_FTRUNCATE 1
#define HAVE_RAND 1
#define HAVE_RANDOM 1
#define HAVE_LRAND48 1
#define HAVE_RANDOM_R 1
#define HAVE_RAND_R 1
#define HAVE_REGCOMP 1
#define HAVE_REGERROR 1
#define HAVE_REGEXEC 1
#define HAVE_REGFREE 1
#define HAVE_POSIX_FADVISE 1
#define HAVE_FSTATVFS 1
#define HAVE_FSTATFS 1
#define HAVE_STRUCT_STATFS_F_FLAGS 1
#define HAVE_STRUCT_DIRENT_D_TYPE 1
#define USE_REGEX /**/
#define USE_ICONV 0
#define HAVE_FT_GET_NEXT_CHAR 1
#define HAVE_FT_GET_BDF_PROPERTY 1
#define HAVE_FT_GET_PS_FONT_INFO 1
#define HAVE_FT_HAS_PS_GLYPH_NAMES 1
#define HAVE_FT_GET_X11_FONT_FORMAT 1
#define HAVE_FT_SELECT_SIZE 1
#define HAVE_FT_BITMAP_SIZE_Y_PPEM 1
#define HAVE_XML_SETDOCTYPEDECLHANDLER 1
#define FC_DEFAULT_FONTS "/usr/share/fonts"
#define FC_ADD_FONTS "yes"
#define SIZEOF_VOID_P 8
#define ALIGNOF_DOUBLE 8

configure: exit 0
